<?xml version="1.0" encoding="UTF-8"?>
<!-- Generated by org.testng.reporters.JUnitReportReporter -->
<testsuite hostname="eti" failures="0" tests="1" name="testCases.TC_001_AccountRegistrationTest" time="3.763" errors="0" timestamp="2023-06-12T14:26:11 IST" skipped="0">
  <testcase classname="testCases.TC_001_AccountRegistrationTest" name="test_account_Registration" time="3.763"/>
  <system-out/>
</testsuite> <!-- testCases.TC_001_AccountRegistrationTest -->
